2024-12-17 19:09:43,461 [INFO] Activator:176 - 


2024-12-17 19:09:43,467 [INFO] Activator:177 - !SESSION log4j initialized
2024-12-17 19:09:53,800 [INFO] LogOutputStream:77 - [STDOUT_REDIRECT] 
2024-12-17 19:09:59,334 [INFO] ApplicationProperties:184 - Using Application install path: C:\ST\STM32CubeIDE_1.16.0\STM32CubeIDE\plugins\com.st.stm32cube.common.mx_6.13.0.202411220809
2024-12-17 19:09:59,367 [INFO] DbMcusXml:78 - Set database path to: C:\ST\STM32CubeIDE_1.16.0\STM32CubeIDE\plugins\com.st.stm32cube.common.mx_6.13.0.202411220809\\db\/mcu/
2024-12-17 19:09:59,368 [INFO] ApiDb:274 - Set plugin database path to: C:\ST\STM32CubeIDE_1.16.0\STM32CubeIDE\plugins\com.st.stm32cube.common.mx_6.13.0.202411220809\\db\/plugins/boardmanager/
2024-12-17 19:09:59,368 [WARN] ApiDb:259 - Overriding images path with different value:  => C:\ST\STM32CubeIDE_1.16.0\STM32CubeIDE\plugins\com.st.stm32cube.common.mx_6.13.0.202411220809\\db\/plugins/mcufinder/images/
2024-12-17 19:09:59,394 [INFO] ApiDb:250 - Set database path to: C:\Users\jacub\.stmcufinder\plugins\mcufinder//mcu/
2024-12-17 19:09:59,397 [INFO] DbMcusAds:125 - Set database path to: C:\Users\jacub\.stmcufinder\plugins\mcufinder//mcu/
2024-12-17 19:09:59,402 [INFO] CrossReferenceDbSqlite:203 - Set database path to: C:\Users\jacub\.stmcufinder\plugins\mcufinder//mcu/cs/
2024-12-17 19:09:59,684 [INFO] RulesReader:64 - Compatibility file has been processed (297 Rules)
2024-12-17 19:09:59,853 [INFO] DbMcusXml:78 - Set database path to: C:\ST\STM32CubeIDE_1.16.0\STM32CubeIDE\plugins\com.st.stm32cube.common.mx_6.13.0.202411220809\\db\/mcu/
2024-12-17 19:09:59,853 [INFO] ApiDb:274 - Set plugin database path to: C:\ST\STM32CubeIDE_1.16.0\STM32CubeIDE\plugins\com.st.stm32cube.common.mx_6.13.0.202411220809\\db\/plugins/boardmanager/
2024-12-17 19:09:59,853 [INFO] ApiDb:261 - Set plugin images path to: C:\ST\STM32CubeIDE_1.16.0\STM32CubeIDE\plugins\com.st.stm32cube.common.mx_6.13.0.202411220809\\db\/plugins/mcufinder/images/
2024-12-17 19:09:59,853 [WARN] DbFile:41 - Overriding database path with different value: C:\Users\jacub\.stmcufinder\plugins\mcufinder/ => C:\Users\jacub\.stmcufinder\plugins\mcufinder
2024-12-17 19:09:59,853 [INFO] ApiDb:250 - Set database path to: C:\Users\jacub\.stmcufinder\plugins\mcufinder//mcu/
2024-12-17 19:09:59,853 [WARN] DbFile:41 - Overriding database path with different value: C:\Users\jacub\.stmcufinder\plugins\mcufinder/ => C:\Users\jacub\.stmcufinder\plugins\mcufinder
2024-12-17 19:09:59,853 [INFO] DbMcusAds:125 - Set database path to: C:\Users\jacub\.stmcufinder\plugins\mcufinder//mcu/
2024-12-17 19:09:59,854 [WARN] DbFile:41 - Overriding database path with different value: C:\Users\jacub\.stmcufinder\plugins\mcufinder/ => C:\Users\jacub\.stmcufinder\plugins\mcufinder
2024-12-17 19:09:59,854 [WARN] DbFile:41 - Overriding database path with different value: C:\Users\jacub\.stmcufinder\plugins\mcufinder/ => C:\Users\jacub\.stmcufinder\plugins\mcufinder
2024-12-17 19:09:59,854 [INFO] CrossReferenceDbSqlite:203 - Set database path to: C:\Users\jacub\.stmcufinder\plugins\mcufinder//mcu/cs/
2024-12-17 19:09:59,976 [INFO] MainPanel:272 - HeapMemory: 287309824
2024-12-17 19:10:00,181 [INFO] DbMcusXml:78 - Set database path to: C:\ST\STM32CubeIDE_1.16.0\STM32CubeIDE\plugins\com.st.stm32cube.common.mx_6.13.0.202411220809\\db\/mcu/
2024-12-17 19:10:00,181 [INFO] ApiDb:274 - Set plugin database path to: C:\ST\STM32CubeIDE_1.16.0\STM32CubeIDE\plugins\com.st.stm32cube.common.mx_6.13.0.202411220809\\db\/plugins/boardmanager/
2024-12-17 19:10:00,181 [INFO] ApiDb:261 - Set plugin images path to: C:\ST\STM32CubeIDE_1.16.0\STM32CubeIDE\plugins\com.st.stm32cube.common.mx_6.13.0.202411220809\\db\/plugins/mcufinder/images/
2024-12-17 19:10:00,183 [WARN] DbFile:41 - Overriding database path with different value: C:\Users\jacub\.stmcufinder\plugins\mcufinder/ => C:\Users\jacub\.stmcufinder\plugins\mcufinder
2024-12-17 19:10:00,183 [INFO] ApiDb:250 - Set database path to: C:\Users\jacub\.stmcufinder\plugins\mcufinder//mcu/
2024-12-17 19:10:00,183 [WARN] DbFile:41 - Overriding database path with different value: C:\Users\jacub\.stmcufinder\plugins\mcufinder/ => C:\Users\jacub\.stmcufinder\plugins\mcufinder
2024-12-17 19:10:00,183 [INFO] DbMcusAds:125 - Set database path to: C:\Users\jacub\.stmcufinder\plugins\mcufinder//mcu/
2024-12-17 19:10:00,183 [WARN] DbFile:41 - Overriding database path with different value: C:\Users\jacub\.stmcufinder\plugins\mcufinder/ => C:\Users\jacub\.stmcufinder\plugins\mcufinder
2024-12-17 19:10:00,183 [WARN] DbFile:41 - Overriding database path with different value: C:\Users\jacub\.stmcufinder\plugins\mcufinder/ => C:\Users\jacub\.stmcufinder\plugins\mcufinder
2024-12-17 19:10:00,183 [INFO] CrossReferenceDbSqlite:203 - Set database path to: C:\Users\jacub\.stmcufinder\plugins\mcufinder//mcu/cs/
2024-12-17 19:10:00,218 [INFO] ApplicationProperties:184 - Using Application install path: C:\ST\STM32CubeIDE_1.16.0\STM32CubeIDE\plugins\com.st.stm32cube.common.mx_6.13.0.202411220809
2024-12-17 19:10:00,220 [INFO] PluginManage:196 - Search for loadable plugins [exclusion list=, ]
2024-12-17 19:10:00,224 [INFO] PluginManage:310 - Check plugin analytics
2024-12-17 19:10:00,529 [INFO] AnalyticsPlugin:253 - Accepted Software Licenses: STM32CubeMX.6.13.0
2024-12-17 19:10:00,529 [INFO] AnalyticsPlugin:255 - Accepted CMSIS Pack Licenses: 
2024-12-17 19:10:00,529 [INFO] AnalyticsPlugin:257 - Accepted Firmware Licenses: FW.F4.1.28.0
2024-12-17 19:10:00,533 [INFO] PluginManage:359 - Loaded plugin analytics (category:tool,tabindex:-1)
2024-12-17 19:10:00,534 [INFO] PluginManage:310 - Check plugin cadmodel
2024-12-17 19:10:00,555 [INFO] CADModel:105 - Init CAD model plugin
2024-12-17 19:10:00,556 [INFO] PluginManage:359 - Loaded plugin cadmodel (category:power,tabindex:5)
2024-12-17 19:10:00,556 [INFO] PluginManage:310 - Check plugin clock
2024-12-17 19:10:00,580 [INFO] PluginManage:359 - Loaded plugin clock (category:base,tabindex:2)
2024-12-17 19:10:00,581 [INFO] PluginManage:310 - Check plugin ddr
2024-12-17 19:10:00,585 [INFO] PluginManage:359 - Loaded plugin ddr (category:tool,tabindex:6)
2024-12-17 19:10:00,585 [INFO] PluginManage:310 - Check plugin filemanager
2024-12-17 19:10:00,729 [INFO] PluginManage:359 - Loaded plugin filemanager (category:base,tabindex:10)
2024-12-17 19:10:00,729 [INFO] PluginManage:310 - Check plugin ipmanager
2024-12-17 19:10:00,738 [INFO] PluginManage:359 - Loaded plugin ipmanager (category:base,tabindex:5)
2024-12-17 19:10:00,738 [INFO] PluginManage:310 - Check plugin lpbam
2024-12-17 19:10:00,758 [INFO] PluginManage:359 - Loaded plugin lpbam (category:base,tabindex:0)
2024-12-17 19:10:00,758 [INFO] PluginManage:310 - Check plugin memorymap
2024-12-17 19:10:00,781 [INFO] PluginManage:359 - Loaded plugin memorymap (category:base,tabindex:4)
2024-12-17 19:10:00,782 [INFO] PluginManage:310 - Check plugin pinoutandconfiguration
2024-12-17 19:10:00,798 [INFO] PluginManage:359 - Loaded plugin pinoutandconfiguration (category:base,tabindex:1)
2024-12-17 19:10:00,799 [INFO] PluginManage:310 - Check plugin pinoutconfig
2024-12-17 19:10:00,910 [WARN] SupportedApi:132 - Cannot load RTOS API schema: s4s-elt-must-match.1: The content of 'definitions' must match (annotation?, (simpleType | complexType)?, (unique | key | keyref)*)). A problem was found starting at: attribute.
2024-12-17 19:10:01,131 [INFO] PluginManage:359 - Loaded plugin pinoutconfig (category:base,tabindex:0)
2024-12-17 19:10:01,131 [INFO] PluginManage:310 - Check plugin power
2024-12-17 19:10:01,164 [INFO] PluginManage:359 - Loaded plugin power (category:power,tabindex:4)
2024-12-17 19:10:01,164 [INFO] PluginManage:310 - Check plugin projectmanager
2024-12-17 19:10:01,207 [INFO] PluginManage:359 - Loaded plugin projectmanager (category:projectmanager,tabindex:4)
2024-12-17 19:10:01,207 [INFO] PluginManage:310 - Check plugin rif
2024-12-17 19:10:01,244 [INFO] PluginManage:359 - Loaded plugin rif (category:base,tabindex:3)
2024-12-17 19:10:01,246 [INFO] PluginManage:310 - Check plugin thirdparty
2024-12-17 19:10:01,701 [INFO] PluginManage:359 - Loaded plugin thirdparty (category:base,tabindex:-1)
2024-12-17 19:10:01,701 [WARN] IntegrityCheckThread:84 - waiting for thirdparty lock release [integrity check]
2024-12-17 19:10:01,701 [INFO] IntegrityCheckThread:86 - entering critical section [integrity check]
2024-12-17 19:10:01,701 [INFO] PluginManage:310 - Check plugin tools
2024-12-17 19:10:01,702 [INFO] ThirdPartyUpdaterWithRetryManager:70 - Updater plugin not ready yet. [1/15]
2024-12-17 19:10:01,740 [INFO] PluginManage:359 - Loaded plugin tools (category:base,tabindex:7)
2024-12-17 19:10:01,740 [INFO] PluginManage:310 - Check plugin tutovideos
2024-12-17 19:10:01,953 [INFO] PluginManage:359 - Loaded plugin tutovideos (category:base,tabindex:-1)
2024-12-17 19:10:01,953 [INFO] PluginManage:310 - Check plugin updater
2024-12-17 19:10:01,972 [INFO] PluginManage:359 - Loaded plugin updater (category:base,tabindex:12)
2024-12-17 19:10:01,972 [INFO] PluginManage:310 - Check plugin userauth
2024-12-17 19:10:01,977 [INFO] UserAuth:118 - Init User Auth plugin
2024-12-17 19:10:01,978 [INFO] PluginManage:359 - Loaded plugin userauth (category:base,tabindex:14)
2024-12-17 19:10:01,978 [INFO] PluginManage:283 - PluginManage : Loaded plugins [18]
2024-12-17 19:10:02,170 [INFO] PinOutPanel:1589 - setPackage(No Configuration,No Configuration)
2024-12-17 19:10:02,284 [INFO] CADModel:165 - CPN selected for project level
2024-12-17 19:10:02,285 [INFO] CADModel:114 - Register for checkConnection events
2024-12-17 19:10:02,325 [INFO] IPUIPlugin:80 - create IPUIPlugin
2024-12-17 19:10:02,325 [INFO] PluginManager:220 - loadIPPluginJar : add adc
2024-12-17 19:10:02,379 [INFO] IPUIPlugin:80 - create IPUIPlugin
2024-12-17 19:10:02,379 [INFO] PluginManager:220 - loadIPPluginJar : add aes
2024-12-17 19:10:02,432 [INFO] IPUIPlugin:80 - create IPUIPlugin
2024-12-17 19:10:02,432 [INFO] PluginManager:220 - loadIPPluginJar : add can
2024-12-17 19:10:02,462 [INFO] IPUIPlugin:80 - create IPUIPlugin
2024-12-17 19:10:02,462 [INFO] PluginManager:220 - loadIPPluginJar : add comp
2024-12-17 19:10:02,519 [INFO] IPUIPlugin:80 - create IPUIPlugin
2024-12-17 19:10:02,519 [INFO] PluginManager:220 - loadIPPluginJar : add cryp
2024-12-17 19:10:02,533 [INFO] IPUIPlugin:80 - create IPUIPlugin
2024-12-17 19:10:02,534 [INFO] PluginManager:220 - loadIPPluginJar : add ddr_ctrl_phy
2024-12-17 19:10:02,579 [INFO] IPUIPlugin:80 - create IPUIPlugin
2024-12-17 19:10:02,579 [INFO] PluginManager:220 - loadIPPluginJar : add dfsdm
2024-12-17 19:10:02,594 [INFO] IPUIPlugin:80 - create IPUIPlugin
2024-12-17 19:10:02,594 [INFO] PluginManager:220 - loadIPPluginJar : add dma
2024-12-17 19:10:02,640 [INFO] IPUIPlugin:80 - create IPUIPlugin
2024-12-17 19:10:02,640 [INFO] PluginManager:220 - loadIPPluginJar : add dma3
2024-12-17 19:10:02,695 [INFO] IPUIPlugin:80 - create IPUIPlugin
2024-12-17 19:10:02,696 [INFO] PluginManager:220 - loadIPPluginJar : add extmemmanager
2024-12-17 19:10:02,727 [INFO] IPUIPlugin:80 - create IPUIPlugin
2024-12-17 19:10:02,727 [INFO] PluginManager:220 - loadIPPluginJar : add fatfs
2024-12-17 19:10:02,776 [INFO] IPUIPlugin:80 - create IPUIPlugin
2024-12-17 19:10:02,776 [INFO] PluginManager:220 - loadIPPluginJar : add fmc
2024-12-17 19:10:02,793 [INFO] IPUIPlugin:80 - create IPUIPlugin
2024-12-17 19:10:02,793 [INFO] PluginManager:220 - loadIPPluginJar : add freertos
2024-12-17 19:10:02,819 [INFO] IPUIPlugin:80 - create IPUIPlugin
2024-12-17 19:10:02,819 [INFO] PluginManager:220 - loadIPPluginJar : add genericplugin
2024-12-17 19:10:02,918 [INFO] IPUIPlugin:80 - create IPUIPlugin
2024-12-17 19:10:02,918 [INFO] PluginManager:220 - loadIPPluginJar : add gfxmmu
2024-12-17 19:10:03,075 [INFO] IPUIPlugin:80 - create IPUIPlugin
2024-12-17 19:10:03,075 [INFO] PluginManager:220 - loadIPPluginJar : add gic
2024-12-17 19:10:03,086 [INFO] IPUIPlugin:80 - create IPUIPlugin
2024-12-17 19:10:03,086 [INFO] PluginManager:220 - loadIPPluginJar : add gpio
2024-12-17 19:10:03,194 [INFO] IPUIPlugin:80 - create IPUIPlugin
2024-12-17 19:10:03,195 [INFO] PluginManager:220 - loadIPPluginJar : add gtzc
2024-12-17 19:10:03,242 [INFO] IPUIPlugin:80 - create IPUIPlugin
2024-12-17 19:10:03,242 [INFO] PluginManager:220 - loadIPPluginJar : add hash
2024-12-17 19:10:03,300 [INFO] IPUIPlugin:80 - create IPUIPlugin
2024-12-17 19:10:03,301 [INFO] PluginManager:220 - loadIPPluginJar : add i2c
2024-12-17 19:10:03,362 [INFO] IPUIPlugin:80 - create IPUIPlugin
2024-12-17 19:10:03,362 [INFO] PluginManager:220 - loadIPPluginJar : add i2s
2024-12-17 19:10:03,416 [INFO] IPUIPlugin:80 - create IPUIPlugin
2024-12-17 19:10:03,416 [INFO] PluginManager:220 - loadIPPluginJar : add i3c
2024-12-17 19:10:03,529 [INFO] IPUIPlugin:80 - create IPUIPlugin
2024-12-17 19:10:03,529 [INFO] PluginManager:220 - loadIPPluginJar : add ipddr
2024-12-17 19:10:03,629 [INFO] IPUIPlugin:80 - create IPUIPlugin
2024-12-17 19:10:03,629 [INFO] PluginManager:220 - loadIPPluginJar : add linkedlist
2024-12-17 19:10:03,678 [INFO] IPUIPlugin:80 - create IPUIPlugin
2024-12-17 19:10:03,678 [INFO] PluginManager:220 - loadIPPluginJar : add lorawan
2024-12-17 19:10:03,724 [INFO] IPUIPlugin:80 - create IPUIPlugin
2024-12-17 19:10:03,724 [INFO] PluginManager:220 - loadIPPluginJar : add ltdc
2024-12-17 19:10:03,740 [INFO] IPUIPlugin:80 - create IPUIPlugin
2024-12-17 19:10:03,740 [INFO] PluginManager:220 - loadIPPluginJar : add mdma
2024-12-17 19:10:03,758 [INFO] IPUIPlugin:80 - create IPUIPlugin
2024-12-17 19:10:03,758 [INFO] PluginManager:220 - loadIPPluginJar : add nvic
2024-12-17 19:10:03,815 [INFO] IPUIPlugin:80 - create IPUIPlugin
2024-12-17 19:10:03,815 [INFO] PluginManager:220 - loadIPPluginJar : add opamp
2024-12-17 19:10:03,883 [INFO] IPUIPlugin:80 - create IPUIPlugin
2024-12-17 19:10:03,883 [INFO] PluginManager:220 - loadIPPluginJar : add openamp
2024-12-17 19:10:03,917 [INFO] IPUIPlugin:80 - create IPUIPlugin
2024-12-17 19:10:03,917 [INFO] PluginManager:220 - loadIPPluginJar : add pdm2pcm
2024-12-17 19:10:03,931 [INFO] IPUIPlugin:80 - create IPUIPlugin
2024-12-17 19:10:03,933 [INFO] PluginManager:220 - loadIPPluginJar : add plateformsettings
2024-12-17 19:10:03,953 [INFO] IPUIPlugin:80 - create IPUIPlugin
2024-12-17 19:10:03,953 [INFO] PluginManager:220 - loadIPPluginJar : add quadspi
2024-12-17 19:10:03,989 [INFO] IPUIPlugin:80 - create IPUIPlugin
2024-12-17 19:10:03,989 [INFO] PluginManager:220 - loadIPPluginJar : add radio
2024-12-17 19:10:04,004 [INFO] IPUIPlugin:80 - create IPUIPlugin
2024-12-17 19:10:04,004 [INFO] PluginManager:220 - loadIPPluginJar : add resmgrutility
2024-12-17 19:10:04,064 [INFO] IPUIPlugin:80 - create IPUIPlugin
2024-12-17 19:10:04,065 [INFO] PluginManager:220 - loadIPPluginJar : add sai
2024-12-17 19:10:04,118 [INFO] IPUIPlugin:80 - create IPUIPlugin
2024-12-17 19:10:04,118 [INFO] PluginManager:220 - loadIPPluginJar : add spi
2024-12-17 19:10:04,190 [INFO] IPUIPlugin:80 - create IPUIPlugin
2024-12-17 19:10:04,190 [INFO] PluginManager:220 - loadIPPluginJar : add stm32_wpan
2024-12-17 19:10:04,219 [INFO] IPUIPlugin:80 - create IPUIPlugin
2024-12-17 19:10:04,219 [INFO] PluginManager:220 - loadIPPluginJar : add tim
2024-12-17 19:10:04,265 [INFO] IPUIPlugin:80 - create IPUIPlugin
2024-12-17 19:10:04,265 [INFO] PluginManager:220 - loadIPPluginJar : add touchsensing
2024-12-17 19:10:04,290 [INFO] IPUIPlugin:80 - create IPUIPlugin
2024-12-17 19:10:04,291 [INFO] PluginManager:220 - loadIPPluginJar : add tracer_emb
2024-12-17 19:10:04,309 [INFO] IPUIPlugin:80 - create IPUIPlugin
2024-12-17 19:10:04,310 [INFO] PluginManager:220 - loadIPPluginJar : add ts
2024-12-17 19:10:04,332 [INFO] IPUIPlugin:80 - create IPUIPlugin
2024-12-17 19:10:04,332 [INFO] PluginManager:220 - loadIPPluginJar : add tsc
2024-12-17 19:10:04,355 [INFO] IPUIPlugin:80 - create IPUIPlugin
2024-12-17 19:10:04,355 [INFO] PluginManager:220 - loadIPPluginJar : add ucpd
2024-12-17 19:10:04,404 [INFO] IPUIPlugin:80 - create IPUIPlugin
2024-12-17 19:10:04,404 [INFO] PluginManager:220 - loadIPPluginJar : add usart
2024-12-17 19:10:04,462 [INFO] IPUIPlugin:80 - create IPUIPlugin
2024-12-17 19:10:04,462 [INFO] PluginManager:220 - loadIPPluginJar : add usbx
2024-12-17 19:10:04,603 [FATAL] Updater:351 - Updater called before beeing initialized
2024-12-17 19:10:04,647 [INFO] RulesReader:64 - Compatibility file has been processed (297 Rules)
2024-12-17 19:10:04,658 [INFO] RulesReader:64 - Compatibility file has been processed (297 Rules)
2024-12-17 19:10:04,668 [INFO] CADModel:165 - CPN selected for project level
2024-12-17 19:10:04,669 [INFO] CADModel:114 - Register for checkConnection events
2024-12-17 19:10:04,669 [FATAL] Updater:351 - Updater called before beeing initialized
2024-12-17 19:10:04,669 [ERROR] CADModel:125 - Updater not yet initialized, retry later 
2024-12-17 19:10:04,703 [INFO] ThirdPartyUpdaterWithRetryManager:70 - Updater plugin not ready yet. [2/15]
2024-12-17 19:10:04,787 [FATAL] Updater:351 - Updater called before beeing initialized
2024-12-17 19:10:04,790 [INFO] CADModel:165 - CPN selected for project level
2024-12-17 19:10:04,790 [INFO] CADModel:114 - Register for checkConnection events
2024-12-17 19:10:04,790 [FATAL] Updater:351 - Updater called before beeing initialized
2024-12-17 19:10:04,790 [ERROR] CADModel:125 - Updater not yet initialized, retry later 
2024-12-17 19:10:04,792 [FATAL] Updater:351 - Updater called before beeing initialized
2024-12-17 19:10:04,920 [FATAL] Updater:351 - Updater called before beeing initialized
2024-12-17 19:10:04,931 [INFO] DbMcusAds:53 - JSON generation date=Fri Sep 20 15:04:23 CEST 2024 (1726837463113)
2024-12-17 19:10:04,931 [FATAL] Updater:351 - Updater called before beeing initialized
2024-12-17 19:10:04,964 [WARN] DetailPanel:346 - Failed to get advertising image, set to default
2024-12-17 19:10:05,193 [FATAL] Updater:351 - Updater called before beeing initialized
2024-12-17 19:10:05,196 [FATAL] Updater:351 - Updater called before beeing initialized
2024-12-17 19:10:05,196 [FATAL] Updater:351 - Updater called before beeing initialized
2024-12-17 19:10:05,196 [WARN] DetailPanel:346 - Failed to get advertising image, set to default
2024-12-17 19:10:05,197 [FATAL] Updater:351 - Updater called before beeing initialized
2024-12-17 19:10:05,258 [ERROR] Updater:1198 - MainUpdater not yet initialized. External WinMGr cannot be set.
2024-12-17 19:10:05,267 [INFO] Updater:1134 - Updater Version found : 6.13.0
2024-12-17 19:10:05,284 [INFO] ApplicationProperties:184 - Using Application install path: C:\ST\STM32CubeIDE_1.16.0\STM32CubeIDE\plugins\com.st.stm32cube.common.mx_6.13.0.202411220809
2024-12-17 19:10:06,885 [ERROR] LogOutputStream:75 - [STDERR_REDIRECT] Dec 17, 2024 7:10:06 PM java.util.prefs.WindowsPreferences <init>
2024-12-17 19:10:06,887 [ERROR] LogOutputStream:75 - [STDERR_REDIRECT] WARNING: Could not open/create prefs root node Software\JavaSoft\Prefs at root 0xffffffff80000002. Windows RegCreateKeyEx(...) returned error code 5.
2024-12-17 19:10:06,887 [ERROR] LogOutputStream:75 - [STDERR_REDIRECT] 
2024-12-17 19:10:07,644 [INFO] MainUpdater:2872 - connection check result : 10
2024-12-17 19:10:07,644 [INFO] MainUpdater:3566 - Updater definition file requires update
2024-12-17 19:10:07,645 [INFO] MainUpdater:289 - Updater Check For Update Now.
2024-12-17 19:10:07,645 [INFO] MicroXplorer:498 - Change Database Version : DB.6.0.130
2024-12-17 19:10:07,662 [INFO] McuFinderGlobals:63 - Set McuFinder mode to 2 (CubeIDE integrated)
2024-12-17 19:10:07,669 [INFO] UserAuth:486 - Internet connection configuration mode: 1
2024-12-17 19:10:07,701 [INFO] JxBrowserEngine:152 - Initiate JxBrowser Engine with user profile folder
2024-12-17 19:10:07,704 [WARN] MainUpdater:1193 - Updater busy. Cannot search thirdparties
2024-12-17 19:10:07,705 [INFO] ThirdPartyUpdaterWithRetryManager:96 - Updater plugin is busy. [1/15]
2024-12-17 19:10:07,798 [INFO] ServerAccessManage:473 - Download File updaters.zip
2024-12-17 19:10:08,014 [INFO] FileExtend:240 - Unzip File : updaters.zip
2024-12-17 19:10:08,014 [INFO] FileExtend:255 - Standard Zip Deflate
2024-12-17 19:10:09,075 [INFO] ServerAccessManage:473 - Download File PacksControlFlags.xml
2024-12-17 19:10:09,271 [INFO] ServerAccessManage:473 - Download File cubemx.pidx
2024-12-17 19:10:09,903 [INFO] WebApp:168 - Instantiating new browser for Auth
2024-12-17 19:10:10,542 [INFO] ServerAccessManage:473 - Download File STMicroelectronics.X-CUBE-BLEMGR.pdsc
2024-12-17 19:10:10,705 [WARN] MainUpdater:1193 - Updater busy. Cannot search thirdparties
2024-12-17 19:10:10,705 [INFO] ThirdPartyUpdaterWithRetryManager:96 - Updater plugin is busy. [2/15]
2024-12-17 19:10:11,342 [ERROR] ServerAccessManage:1089 - Problem, file not found on Server
2024-12-17 19:10:11,617 [INFO] WebApp:449 - Apply proxy settings
2024-12-17 19:10:11,617 [INFO] WebApp:534 - Chromium requires no authentication
2024-12-17 19:10:11,635 [INFO] WebApp:477 - Direct internet connection detected
2024-12-17 19:10:11,686 [INFO] WebApp:880 - Register for checkConnection events
2024-12-17 19:10:11,687 [INFO] WebApp:449 - Apply proxy settings
2024-12-17 19:10:11,687 [INFO] WebApp:534 - Chromium requires no authentication
2024-12-17 19:10:11,689 [INFO] WebApp:477 - Direct internet connection detected
2024-12-17 19:10:11,932 [INFO] WebApp:221 - Starting web application
2024-12-17 19:10:11,932 [INFO] WebApp:579 - Web application path used C:\ST\STM32CubeIDE_1.16.0\STM32CubeIDE\plugins\com.st.stm32cube.common.mx_6.13.0.202411220809\db\plugins\mcufinder\reactClient1\index.html
2024-12-17 19:10:12,194 [INFO] UserAuth:486 - Internet connection configuration mode: 1
2024-12-17 19:10:12,975 [INFO] WebApp:187 - Connection restablished
2024-12-17 19:10:13,264 [INFO] ServerAccessManage:473 - Download File STMicroelectronics.X-CUBE-FREERTOS.pdsc
2024-12-17 19:10:13,706 [WARN] MainUpdater:1193 - Updater busy. Cannot search thirdparties
2024-12-17 19:10:13,706 [INFO] ThirdPartyUpdaterWithRetryManager:96 - Updater plugin is busy. [3/15]
2024-12-17 19:10:14,635 [INFO] ServerAccessManage:473 - Download File STMicroelectronics.X-CUBE-GNSS1.pdsc
2024-12-17 19:10:15,534 [ERROR] ServerAccessManage:1089 - Problem, file not found on Server
2024-12-17 19:10:15,790 [ERROR] ServerAccessManage:1089 - Problem, file not found on Server
2024-12-17 19:10:16,053 [ERROR] ServerAccessManage:1089 - Problem, file not found on Server
2024-12-17 19:10:16,280 [ERROR] ServerAccessManage:1089 - Problem, file not found on Server
2024-12-17 19:10:16,570 [ERROR] ServerAccessManage:1089 - Problem, file not found on Server
2024-12-17 19:10:16,707 [WARN] MainUpdater:1193 - Updater busy. Cannot search thirdparties
2024-12-17 19:10:16,707 [INFO] ThirdPartyUpdaterWithRetryManager:96 - Updater plugin is busy. [4/15]
2024-12-17 19:10:16,754 [ERROR] ServerAccessManage:1089 - Problem, file not found on Server
2024-12-17 19:10:16,980 [INFO] ServerAccessManage:473 - Download File STMicroelectronics.X-CUBE-MEMS1.pdsc
2024-12-17 19:10:19,330 [INFO] ServerAccessManage:473 - Download File STMicroelectronics.X-CUBE-TCPP.pdsc
2024-12-17 19:10:19,708 [WARN] MainUpdater:1193 - Updater busy. Cannot search thirdparties
2024-12-17 19:10:19,708 [INFO] ThirdPartyUpdaterWithRetryManager:96 - Updater plugin is busy. [5/15]
2024-12-17 19:10:20,787 [WARN] PackLoader:240 - Cannot read IP mode file for STMicroelectronics.X-CUBE-BLEMGR.4.0.0
2024-12-17 19:10:20,819 [WARN] PackLoader:240 - Cannot read IP mode file for STMicroelectronics.X-CUBE-FREERTOS.1.3.0
2024-12-17 19:10:20,833 [WARN] PackLoader:240 - Cannot read IP mode file for STMicroelectronics.X-CUBE-GNSS1.7.0.1
2024-12-17 19:10:20,926 [WARN] PackLoader:240 - Cannot read IP mode file for STMicroelectronics.X-CUBE-MEMS1.11.1.0
2024-12-17 19:10:20,965 [INFO] CheckServerUpdateThread:120 - End of CheckServer Thread
2024-12-17 19:10:21,125 [WARN] PackLoader:240 - Cannot read IP mode file for STMicroelectronics.X-CUBE-TCPP.4.2.0
2024-12-17 19:10:21,127 [INFO] PopulateThirdPartyThread:66 - Ending populate Thread
2024-12-17 19:10:21,130 [INFO] ThirdParty:1030 - CMSIS Pack Vendor :STMicroelectronics X-CUBE-BLEMGR 4.0.0
2024-12-17 19:10:21,130 [INFO] ThirdParty:1030 - CMSIS Pack Vendor :STMicroelectronics X-CUBE-FREERTOS 1.3.0
2024-12-17 19:10:21,130 [INFO] ThirdParty:1030 - CMSIS Pack Vendor :STMicroelectronics X-CUBE-GNSS1 7.0.1
2024-12-17 19:10:21,131 [INFO] ThirdParty:1030 - CMSIS Pack Vendor :STMicroelectronics X-CUBE-MEMS1 11.1.0
2024-12-17 19:10:21,131 [INFO] ThirdParty:1030 - CMSIS Pack Vendor :STMicroelectronics X-CUBE-TCPP 4.2.0
2024-12-17 19:10:21,131 [INFO] LoadServerUpdatesThread:375 - End of LoadServerUpdate Thread
2024-12-17 19:10:22,909 [WARN] PackLoader:240 - Cannot read IP mode file for STMicroelectronics.FP-SNS-MOTENVWB1.1.4.0
2024-12-17 19:10:22,916 [WARN] PackLoader:240 - Cannot read IP mode file for STMicroelectronics.FP-ATR-ASTRA1.2.0.1
2024-12-17 19:10:22,931 [WARN] PackLoader:240 - Cannot read IP mode file for STMicroelectronics.X-CUBE-SMBUS.2.1.0
2024-12-17 19:10:22,952 [WARN] PackLoader:240 - Cannot read IP mode file for STMicroelectronics.X-CUBE-WB05N.1.1.0
2024-12-17 19:10:22,982 [WARN] PackLoader:240 - Cannot read IP mode file for STMicroelectronics.X-CUBE-AZRTOS-F7.1.1.0
2024-12-17 19:10:23,054 [WARN] PackLoader:240 - Cannot read IP mode file for STMicroelectronics.X-CUBE-MEMS1.11.0.0
2024-12-17 19:10:23,176 [WARN] PackLoader:240 - Cannot read IP mode file for STMicroelectronics.FP-SNS-FLIGHT1.5.0.2
2024-12-17 19:10:23,202 [WARN] PackLoader:240 - Cannot read IP mode file for STMicroelectronics.X-CUBE-DISPLAY.3.0.0
2024-12-17 19:10:23,224 [WARN] PackLoader:240 - Cannot read IP mode file for STMicroelectronics.X-CUBE-BLE1.7.0.0
2024-12-17 19:10:23,254 [WARN] PackLoader:240 - Cannot read IP mode file for STMicroelectronics.X-CUBE-NFC10.1.0.0
2024-12-17 19:10:23,266 [WARN] PackLoader:240 - Cannot read IP mode file for STMicroelectronics.X-CUBE-BLEMGR.4.0.0
2024-12-17 19:10:23,289 [WARN] PackLoader:240 - Cannot read IP mode file for emotas.I-CUBE-CANOPEN.1.3.0
2024-12-17 19:10:23,310 [WARN] PackLoader:240 - Cannot read IP mode file for STMicroelectronics.X-CUBE-BLEMGR.3.1.0
2024-12-17 19:10:23,330 [WARN] PackLoader:240 - Cannot read IP mode file for STMicroelectronics.FP-SNS-SMARTAG2.1.2.0
2024-12-17 19:10:23,373 [WARN] PackLoader:240 - Cannot read IP mode file for STMicroelectronics.X-CUBE-MEMS1.11.1.0
2024-12-17 19:10:23,540 [INFO] LogOutputStream:77 - [STDOUT_REDIRECT] 1 : Invalid condition id : UX_CORESTACK_Condition cause : null
2024-12-17 19:10:23,541 [INFO] LogOutputStream:77 - [STDOUT_REDIRECT] 1 : Invalid condition id : UX_CORESTACK_Condition cause : null
2024-12-17 19:10:23,542 [INFO] LogOutputStream:77 - [STDOUT_REDIRECT] 1 : Invalid condition id : UX_CORESTACK_Condition cause : null
2024-12-17 19:10:23,544 [INFO] LogOutputStream:77 - [STDOUT_REDIRECT] 1 : Invalid condition id : UX_CORESTACK_Condition cause : null
2024-12-17 19:10:23,545 [INFO] LogOutputStream:77 - [STDOUT_REDIRECT] 1 : Invalid condition id : UX_CORESTACK_Condition cause : null
2024-12-17 19:10:23,548 [WARN] PackLoader:240 - Cannot read IP mode file for STMicroelectronics.X-CUBE-AZRTOS-WL.2.0.0
2024-12-17 19:10:23,570 [WARN] PackLoader:240 - Cannot read IP mode file for STMicroelectronics.FP-SNS-MOTENV1.5.0.0
2024-12-17 19:10:23,578 [WARN] PackLoader:240 - Cannot read IP mode file for wolfSSL.I-CUBE-wolfMQTT.1.19.0
2024-12-17 19:10:23,596 [WARN] PackLoader:240 - Cannot read IP mode file for WES.I-CUBE-Cesium.1.3.0
2024-12-17 19:10:23,615 [WARN] PackLoader:240 - Cannot read IP mode file for STMicroelectronics.X-CUBE-BLE2.3.3.0
2024-12-17 19:10:23,632 [WARN] PackLoader:240 - Cannot read IP mode file for STMicroelectronics.X-CUBE-NFC9.1.0.0
2024-12-17 19:10:23,649 [WARN] PackLoader:240 - Cannot read IP mode file for STMicroelectronics.X-CUBE-TCPP.4.1.0
2024-12-17 19:10:23,682 [WARN] PackLoader:240 - Cannot read IP mode file for STMicroelectronics.X-CUBE-AZRTOS-G0.1.1.0
2024-12-17 19:10:23,706 [WARN] PackLoader:240 - Cannot read IP mode file for STMicroelectronics.X-CUBE-SAFEA1.1.2.2
2024-12-17 19:10:23,725 [WARN] PackLoader:240 - Cannot read IP mode file for STMicroelectronics.X-CUBE-NFC4.3.0.0
2024-12-17 19:10:23,748 [WARN] PackLoader:240 - Cannot read IP mode file for EmbeddedOffice.I-CUBE-FS-RTOS.1.0.1
2024-12-17 19:10:23,754 [WARN] PackLoader:240 - Cannot read IP mode file for STMicroelectronics.X-CUBE-TCPP.4.2.0
2024-12-17 19:10:23,771 [WARN] PackLoader:240 - Cannot read IP mode file for RealThread.X-CUBE-RT-Thread_Nano.4.1.1
2024-12-17 19:10:23,777 [WARN] PackLoader:240 - Cannot read IP mode file for STMicroelectronics.FP-ATR-SIGFOX1.3.2.0
2024-12-17 19:10:23,792 [WARN] PackLoader:240 - Cannot read IP mode file for wolfSSL.I-CUBE-wolfSSL.5.7.2
2024-12-17 19:10:23,801 [WARN] ConditionMgr:438 - getConditionDescription Invalid condition id : Cortex-A Device cause : null
2024-12-17 19:10:23,832 [WARN] ConditionMgr:1044 - genDependencies : Invalid condition id : Cortex-A Device cause : null
2024-12-17 19:10:23,833 [WARN] ConditionMgr:1044 - genDependencies : Invalid condition id : Cortex-A Device cause : null
2024-12-17 19:10:23,833 [WARN] ConditionMgr:1044 - genDependencies : Invalid condition id : Cortex-A Device cause : null
2024-12-17 19:10:23,858 [WARN] PackLoader:240 - Cannot read IP mode file for STMicroelectronics.X-CUBE-EEPRMA1.5.1.0
2024-12-17 19:10:23,883 [WARN] PackLoader:240 - Cannot read IP mode file for ITTIA_DB.I-CUBE-ITTIADB.8.9.0
2024-12-17 19:10:23,941 [WARN] PackLoader:240 - Cannot read IP mode file for SEGGER.I-CUBE-embOS.1.3.1
2024-12-17 19:10:23,996 [WARN] PackLoader:240 - Cannot read IP mode file for STMicroelectronics.X-CUBE-ALGOBUILD.1.4.0
2024-12-17 19:10:24,015 [WARN] PackLoader:240 - Cannot read IP mode file for STMicroelectronics.X-CUBE-AI.9.1.0
2024-12-17 19:10:24,039 [WARN] PackLoader:240 - Cannot read IP mode file for STMicroelectronics.X-CUBE-GNSS1.6.0.0
2024-12-17 19:10:24,070 [WARN] PackLoader:240 - Cannot read IP mode file for STMicroelectronics.X-CUBE-AZRTOS-F4.1.1.0
2024-12-17 19:10:24,091 [WARN] PackLoader:240 - Cannot read IP mode file for STMicroelectronics.X-CUBE-ISPU.2.1.0
2024-12-17 19:10:24,147 [WARN] PackLoader:240 - Cannot read IP mode file for STMicroelectronics.X-CUBE-FREERTOS.1.2.0
2024-12-17 19:10:24,185 [WARN] PackLoader:240 - Cannot read IP mode file for STMicroelectronics.X-CUBE-AZRTOS-L5.2.0.0
2024-12-17 19:10:24,217 [WARN] PackLoader:240 - Cannot read IP mode file for STMicroelectronics.X-CUBE-NFC6.3.1.0
2024-12-17 19:10:24,244 [WARN] PackLoader:240 - Cannot read IP mode file for STMicroelectronics.X-CUBE-DPower.1.2.0
2024-12-17 19:10:24,267 [WARN] PackLoader:240 - Cannot read IP mode file for STMicroelectronics.X-CUBE-AI.9.0.0
2024-12-17 19:10:24,270 [WARN] PackLoader:240 - Cannot read IP mode file for STMicroelectronics.X-CUBE-FREERTOS.1.3.0
2024-12-17 19:10:24,288 [WARN] PackLoader:240 - Cannot read IP mode file for STMicroelectronics.X-CUBE-NFC7.1.0.1
2024-12-17 19:10:24,347 [WARN] ConditionMgr:438 - getConditionDescription Invalid condition id : LAN8742 Phy interface Condition cause : null
2024-12-17 19:10:24,349 [WARN] PackLoader:240 - Cannot read IP mode file for STMicroelectronics.X-CUBE-AZRTOS-L4.2.0.0
2024-12-17 19:10:24,351 [WARN] ConditionMgr:1044 - genDependencies : Invalid condition id : LAN8742 Phy interface Condition cause : null
2024-12-17 19:10:24,352 [WARN] ConditionMgr:1044 - genDependencies : Invalid condition id : LAN8742 Phy interface Condition cause : null
2024-12-17 19:10:24,354 [WARN] ConditionMgr:1044 - genDependencies : Invalid condition id : LAN8742 Phy interface Condition cause : null
2024-12-17 19:10:24,390 [WARN] PackLoader:240 - Cannot read IP mode file for STMicroelectronics.X-CUBE-SFXS2LP1.4.0.0
2024-12-17 19:10:24,433 [WARN] PackLoader:240 - Cannot read IP mode file for STMicroelectronics.X-CUBE-AZRTOS-H7.3.3.0
2024-12-17 19:10:24,466 [WARN] PackLoader:240 - Cannot read IP mode file for STMicroelectronics.X-CUBE-IPS.3.0.0
2024-12-17 19:10:24,500 [WARN] ConditionMgr:438 - getConditionDescription Invalid condition id : UX DEVICE CLASS RTOS Condition cause : null
2024-12-17 19:10:24,500 [WARN] ConditionMgr:438 - getConditionDescription Invalid condition id : UX DEVICE CLASS RTOS Condition cause : null
2024-12-17 19:10:24,501 [WARN] PackLoader:240 - Cannot read IP mode file for STMicroelectronics.X-CUBE-AZRTOS-WB.2.0.0
2024-12-17 19:10:24,503 [WARN] ConditionMgr:1044 - genDependencies : Invalid condition id : UX DEVICE CLASS RTOS Condition cause : null
2024-12-17 19:10:24,503 [WARN] ConditionMgr:1044 - genDependencies : Invalid condition id : UX DEVICE CLASS RTOS Condition cause : null
2024-12-17 19:10:24,504 [WARN] ConditionMgr:1044 - genDependencies : Invalid condition id : UX DEVICE CLASS RTOS Condition cause : null
2024-12-17 19:10:24,504 [WARN] ConditionMgr:1044 - genDependencies : Invalid condition id : UX DEVICE CLASS RTOS Condition cause : null
2024-12-17 19:10:24,504 [WARN] ConditionMgr:1044 - genDependencies : Invalid condition id : UX DEVICE CLASS RTOS Condition cause : null
2024-12-17 19:10:24,527 [WARN] PackLoader:240 - Cannot read IP mode file for STMicroelectronics.X-CUBE-GNSS1.7.0.0
2024-12-17 19:10:24,534 [WARN] PackLoader:240 - Cannot read IP mode file for STMicroelectronics.X-CUBE-GNSS1.7.0.1
2024-12-17 19:10:24,556 [WARN] PackLoader:240 - Cannot read IP mode file for STMicroelectronics.FP-SNS-STBOX1.2.0.0
2024-12-17 19:10:24,584 [WARN] PackLoader:240 - Cannot read IP mode file for STMicroelectronics.X-CUBE-SUBG2.5.0.0
2024-12-17 19:10:24,594 [WARN] PackLoader:240 - Cannot read IP mode file for Cesanta.I-CUBE-Mongoose.7.13.0
2024-12-17 19:10:24,623 [WARN] PackLoader:240 - Cannot read IP mode file for STMicroelectronics.X-CUBE-AZRTOS-G4.2.0.0
2024-12-17 19:10:24,639 [WARN] PackLoader:240 - Cannot read IP mode file for STMicroelectronics.X-CUBE-ISPU.2.0.0
2024-12-17 19:10:24,654 [WARN] PackLoader:240 - Cannot read IP mode file for STMicroelectronics.X-CUBE-ALS.1.0.2
2024-12-17 19:10:24,676 [WARN] PackLoader:240 - Cannot read IP mode file for STMicroelectronics.X-CUBE-TOUCHGFX.4.24.0
2024-12-17 19:10:24,694 [WARN] PackLoader:240 - Cannot read IP mode file for STMicroelectronics.X-CUBE-TOUCHGFX.4.24.1
2024-12-17 19:10:24,702 [WARN] PackLoader:240 - Cannot read IP mode file for wolfSSL.I-CUBE-wolfTPM.3.4.0
2024-12-17 19:10:24,793 [WARN] PackLoader:240 - Cannot read IP mode file for portGmbH.I-Cube-SoM-uGOAL.1.1.0
2024-12-17 19:10:24,821 [WARN] PackLoader:240 - Cannot read IP mode file for STMicroelectronics.X-CUBE-AZRTOS-H7RS.1.0.0
2024-12-17 19:10:24,840 [WARN] PackLoader:240 - Cannot read IP mode file for STMicroelectronics.FP-ATR-ASTRA1.2.0.0
2024-12-17 19:10:24,868 [WARN] PackLoader:240 - Cannot read IP mode file for STMicroelectronics.X-CUBE-TOF1.3.4.2
2024-12-17 19:10:24,927 [WARN] PackLoader:240 - Cannot read IP mode file for Infineon.AIROC-Wi-Fi-Bluetooth-STM32.1.6.1
2024-12-17 19:10:24,936 [WARN] PackLoader:240 - Cannot read IP mode file for wolfSSL.I-CUBE-wolfSSH.1.4.17
2024-12-17 19:10:24,936 [INFO] ThirdParty:978 - Integrity check success = true
2024-12-17 19:10:24,937 [INFO] IntegrityCheckThread:100 - exiting critical section [integrity check]
2024-12-17 19:10:24,937 [INFO] IntegrityCheckThread:103 - End integrity checks thread
2024-12-17 19:21:33,786 [INFO] WebApp:190 - Connection lost
2024-12-17 19:21:33,990 [INFO] WebApp:187 - Connection restablished
2024-12-17 19:22:52,292 [INFO] WebApp:190 - Connection lost
2024-12-17 19:22:52,492 [INFO] WebApp:187 - Connection restablished
2024-12-17 19:24:04,267 [INFO] WebApp:190 - Connection lost
2024-12-17 19:24:04,484 [INFO] WebApp:187 - Connection restablished
2024-12-17 20:09:57,281 [INFO] WebApp:190 - Connection lost
2024-12-17 20:09:57,520 [INFO] WebApp:187 - Connection restablished
2024-12-17 22:47:43,929 [INFO] WebApp:190 - Connection lost
2024-12-17 22:47:44,211 [INFO] WebApp:187 - Connection restablished
2024-12-17 22:47:47,463 [INFO] WebApp:190 - Connection lost
2024-12-17 22:47:49,098 [INFO] WebApp:187 - Connection restablished
2024-12-17 22:50:33,271 [INFO] WebApp:389 - JxBrowser engine has been closed 
